2018-05-16 14:57:58,119 [INFO ][main            ][                          Main] - Read excel file: D:\!Projects\!USPN\00-Report_of_control\04_insert_reports_control.xlsx
2018-05-16 14:57:58,124 [INFO ][main            ][                          Main] - Write inserts to file: D:\!Projects\!USPN\00-Report_of_control\04_insert_reports_control.sql
2018-05-16 14:57:59,831 [INFO ][main            ][                    ParseExcel] - Find 9 sheets in a book '04_insert_reports_control.xlsx'!
2018-05-16 14:57:59,832 [INFO ][main            ][                    ParseExcel] - Read sheet 0: 'SPUMST.SPU_ACC'
2018-05-16 14:57:59,833 [INFO ][main            ][                    ParseExcel] - Read user field type.
2018-05-16 14:57:59,841 [INFO ][main            ][                    ParseExcel] - Read column table name.
2018-05-16 14:57:59,987 [INFO ][main            ][                    ParseExcel] - The sheet 0 'SPUMST.SPU_ACC' is end!
2018-05-16 14:57:59,991 [INFO ][main            ][                    ParseExcel] - Read sheet 1: 'SPUMST.SPU_PRSN'
2018-05-16 14:57:59,991 [INFO ][main            ][                    ParseExcel] - Read user field type.
2018-05-16 14:57:59,992 [INFO ][main            ][                    ParseExcel] - Read column table name.
2018-05-16 14:58:00,040 [INFO ][main            ][                    ParseExcel] - The sheet 1 'SPUMST.SPU_PRSN' is end!
2018-05-16 14:58:00,041 [INFO ][main            ][                    ParseExcel] - Read sheet 2: 'SPUMST.SPU_PRSN_H'
2018-05-16 14:58:00,042 [INFO ][main            ][                    ParseExcel] - Read user field type.
2018-05-16 14:58:00,045 [INFO ][main            ][                    ParseExcel] - Read column table name.
2018-05-16 14:58:00,195 [INFO ][main            ][                    ParseExcel] - The sheet 2 'SPUMST.SPU_PRSN_H' is end!
2018-05-16 14:58:00,196 [INFO ][main            ][                    ParseExcel] - Read sheet 3: 'SPUMST.SPU_SP_ACC_SPA'
2018-05-16 14:58:00,198 [INFO ][main            ][                    ParseExcel] - Read user field type.
2018-05-16 14:58:00,199 [INFO ][main            ][                    ParseExcel] - Read column table name.
2018-05-16 14:58:00,275 [INFO ][main            ][                    ParseExcel] - The sheet 3 'SPUMST.SPU_SP_ACC_SPA' is end!
2018-05-16 14:58:00,276 [INFO ][main            ][                    ParseExcel] - Read sheet 4: 'SPUMST.SPU_SP_ACC_SPA_STS'
2018-05-16 14:58:00,277 [INFO ][main            ][                    ParseExcel] - Read user field type.
2018-05-16 14:58:00,277 [INFO ][main            ][                    ParseExcel] - Read column table name.
2018-05-16 14:58:00,283 [INFO ][main            ][                    ParseExcel] - The sheet 4 'SPUMST.SPU_SP_ACC_SPA_STS' is end!
2018-05-16 14:58:00,285 [INFO ][main            ][                    ParseExcel] - Read sheet 5: 'SPUMST.SPU_SP_OP_BLC'
2018-05-16 14:58:00,285 [INFO ][main            ][                    ParseExcel] - Read user field type.
2018-05-16 14:58:00,286 [INFO ][main            ][                    ParseExcel] - Read column table name.
2018-05-16 14:58:00,295 [INFO ][main            ][                    ParseExcel] - The sheet 5 'SPUMST.SPU_SP_OP_BLC' is end!
2018-05-16 14:58:00,296 [INFO ][main            ][                    ParseExcel] - Read sheet 6: 'SPUMST.SPU_SP_OP'
2018-05-16 14:58:00,297 [INFO ][main            ][                    ParseExcel] - Read user field type.
2018-05-16 14:58:00,312 [INFO ][main            ][                    ParseExcel] - Read column table name.
2018-05-16 14:58:00,343 [INFO ][main            ][                    ParseExcel] - The sheet 6 'SPUMST.SPU_SP_OP' is end!
2018-05-16 14:58:00,344 [INFO ][main            ][                    ParseExcel] - Read sheet 7: 'SPUMST.SPU_SP_OP_ITEM'
2018-05-16 14:58:00,345 [INFO ][main            ][                    ParseExcel] - Read user field type.
2018-05-16 14:58:00,345 [INFO ][main            ][                    ParseExcel] - Read column table name.
2018-05-16 14:58:00,352 [INFO ][main            ][                    ParseExcel] - The sheet 7 'SPUMST.SPU_SP_OP_ITEM' is end!
2018-05-16 14:58:00,354 [INFO ][main            ][                    ParseExcel] - Read sheet 8: 'USPN.IN_DOC_LINKS_EX002'
2018-05-16 14:58:00,354 [INFO ][main            ][                    ParseExcel] - Read user field type.
2018-05-16 14:58:00,354 [INFO ][main            ][                    ParseExcel] - Read column table name.
2018-05-16 14:58:00,361 [INFO ][main            ][                    ParseExcel] - The sheet 8 'USPN.IN_DOC_LINKS_EX002' is end!
2018-05-16 14:58:04,997 [INFO ][main            ][                          Main] - Read excel file: D:\!Projects\!USPN\00-Report_of_control\04_insert_reports_control.xlsx
2018-05-16 14:58:05,002 [INFO ][main            ][                          Main] - Write inserts to file: D:\!Projects\!USPN\00-Report_of_control\04_insert_reports_control.sql
2018-05-16 14:58:06,740 [INFO ][main            ][                    ParseExcel] - Find 9 sheets in a book '04_insert_reports_control.xlsx'!
2018-05-16 14:58:06,741 [INFO ][main            ][                    ParseExcel] - Read sheet 0: 'SPUMST.SPU_ACC'
2018-05-16 14:58:06,742 [INFO ][main            ][                    ParseExcel] - Read user field type.
2018-05-16 14:58:06,752 [INFO ][main            ][                    ParseExcel] - Read column table name.
2018-05-16 15:00:26,472 [INFO ][main            ][                    ParseExcel] - The sheet 0 'SPUMST.SPU_ACC' is end!
2018-05-16 15:00:26,477 [INFO ][main            ][                    ParseExcel] - Read sheet 1: 'SPUMST.SPU_PRSN'
2018-05-16 15:00:26,477 [INFO ][main            ][                    ParseExcel] - Read user field type.
2018-05-16 15:00:26,483 [INFO ][main            ][                    ParseExcel] - Read column table name.
2018-05-16 15:00:26,518 [INFO ][main            ][                    ParseExcel] - The sheet 1 'SPUMST.SPU_PRSN' is end!
2018-05-16 15:00:26,519 [INFO ][main            ][                    ParseExcel] - Read sheet 2: 'SPUMST.SPU_PRSN_H'
2018-05-16 15:00:26,519 [INFO ][main            ][                    ParseExcel] - Read user field type.
2018-05-16 15:00:26,520 [INFO ][main            ][                    ParseExcel] - Read column table name.
2018-05-16 15:00:26,666 [INFO ][main            ][                    ParseExcel] - The sheet 2 'SPUMST.SPU_PRSN_H' is end!
2018-05-16 15:00:26,668 [INFO ][main            ][                    ParseExcel] - Read sheet 3: 'SPUMST.SPU_SP_ACC_SPA'
2018-05-16 15:00:26,670 [INFO ][main            ][                    ParseExcel] - Read user field type.
2018-05-16 15:00:26,672 [INFO ][main            ][                    ParseExcel] - Read column table name.
2018-05-16 15:00:26,729 [INFO ][main            ][                    ParseExcel] - The sheet 3 'SPUMST.SPU_SP_ACC_SPA' is end!
2018-05-16 15:00:26,731 [INFO ][main            ][                    ParseExcel] - Read sheet 4: 'SPUMST.SPU_SP_ACC_SPA_STS'
2018-05-16 15:00:26,732 [INFO ][main            ][                    ParseExcel] - Read user field type.
2018-05-16 15:00:26,732 [INFO ][main            ][                    ParseExcel] - Read column table name.
2018-05-16 15:00:26,738 [INFO ][main            ][                    ParseExcel] - The sheet 4 'SPUMST.SPU_SP_ACC_SPA_STS' is end!
2018-05-16 15:00:26,740 [INFO ][main            ][                    ParseExcel] - Read sheet 5: 'SPUMST.SPU_SP_OP_BLC'
2018-05-16 15:00:26,742 [INFO ][main            ][                    ParseExcel] - Read user field type.
2018-05-16 15:00:26,743 [INFO ][main            ][                    ParseExcel] - Read column table name.
2018-05-16 15:00:26,821 [INFO ][main            ][                    ParseExcel] - The sheet 5 'SPUMST.SPU_SP_OP_BLC' is end!
2018-05-16 15:00:26,823 [INFO ][main            ][                    ParseExcel] - Read sheet 6: 'SPUMST.SPU_SP_OP'
2018-05-16 15:00:26,823 [INFO ][main            ][                    ParseExcel] - Read user field type.
2018-05-16 15:00:26,827 [INFO ][main            ][                    ParseExcel] - Read column table name.
2018-05-16 15:00:26,846 [INFO ][main            ][                    ParseExcel] - The sheet 6 'SPUMST.SPU_SP_OP' is end!
2018-05-16 15:00:26,847 [INFO ][main            ][                    ParseExcel] - Read sheet 7: 'SPUMST.SPU_SP_OP_ITEM'
2018-05-16 15:00:26,848 [INFO ][main            ][                    ParseExcel] - Read user field type.
2018-05-16 15:00:26,848 [INFO ][main            ][                    ParseExcel] - Read column table name.
2018-05-16 15:00:26,858 [INFO ][main            ][                    ParseExcel] - The sheet 7 'SPUMST.SPU_SP_OP_ITEM' is end!
2018-05-16 15:00:26,861 [INFO ][main            ][                    ParseExcel] - Read sheet 8: 'USPN.IN_DOC_LINKS_EX002'
2018-05-16 15:00:26,861 [INFO ][main            ][                    ParseExcel] - Read user field type.
2018-05-16 15:00:26,861 [INFO ][main            ][                    ParseExcel] - Read column table name.
2018-05-16 15:00:26,872 [INFO ][main            ][                    ParseExcel] - The sheet 8 'USPN.IN_DOC_LINKS_EX002' is end!
2018-05-16 15:00:30,535 [INFO ][main            ][                          Main] - Read excel file: D:\!Projects\!USPN\00-Report_of_control\04_insert_reports_control.xlsx
2018-05-16 15:00:30,541 [INFO ][main            ][                          Main] - Write inserts to file: D:\!Projects\!USPN\00-Report_of_control\04_insert_reports_control.sql
2018-05-16 15:00:32,202 [INFO ][main            ][                    ParseExcel] - Find 9 sheets in a book '04_insert_reports_control.xlsx'!
2018-05-16 15:00:32,203 [INFO ][main            ][                    ParseExcel] - Read sheet 0: 'SPUMST.SPU_ACC'
2018-05-16 15:00:32,203 [INFO ][main            ][                    ParseExcel] - Read user field type.
2018-05-16 15:00:32,215 [INFO ][main            ][                    ParseExcel] - Read column table name.
2018-05-16 15:03:23,333 [INFO ][main            ][                    ParseExcel] - The sheet 0 'SPUMST.SPU_ACC' is end!
2018-05-16 15:03:23,337 [INFO ][main            ][                    ParseExcel] - Read sheet 1: 'SPUMST.SPU_PRSN'
2018-05-16 15:03:23,337 [INFO ][main            ][                    ParseExcel] - Read user field type.
2018-05-16 15:03:23,341 [INFO ][main            ][                    ParseExcel] - Read column table name.
2018-05-16 15:03:23,358 [INFO ][main            ][                    ParseExcel] - The sheet 1 'SPUMST.SPU_PRSN' is end!
2018-05-16 15:03:23,359 [INFO ][main            ][                    ParseExcel] - Read sheet 2: 'SPUMST.SPU_PRSN_H'
2018-05-16 15:03:23,360 [INFO ][main            ][                    ParseExcel] - Read user field type.
2018-05-16 15:03:23,361 [INFO ][main            ][                    ParseExcel] - Read column table name.
2018-05-16 15:03:23,557 [INFO ][main            ][                    ParseExcel] - The sheet 2 'SPUMST.SPU_PRSN_H' is end!
2018-05-16 15:03:23,559 [INFO ][main            ][                    ParseExcel] - Read sheet 3: 'SPUMST.SPU_SP_ACC_SPA'
2018-05-16 15:03:23,561 [INFO ][main            ][                    ParseExcel] - Read user field type.
2018-05-16 15:03:23,562 [INFO ][main            ][                    ParseExcel] - Read column table name.
2018-05-16 15:03:23,586 [INFO ][main            ][                    ParseExcel] - The sheet 3 'SPUMST.SPU_SP_ACC_SPA' is end!
2018-05-16 15:03:23,588 [INFO ][main            ][                    ParseExcel] - Read sheet 4: 'SPUMST.SPU_SP_ACC_SPA_STS'
2018-05-16 15:03:23,589 [INFO ][main            ][                    ParseExcel] - Read user field type.
2018-05-16 15:03:23,589 [INFO ][main            ][                    ParseExcel] - Read column table name.
2018-05-16 15:03:23,595 [INFO ][main            ][                    ParseExcel] - The sheet 4 'SPUMST.SPU_SP_ACC_SPA_STS' is end!
2018-05-16 15:03:23,596 [INFO ][main            ][                    ParseExcel] - Read sheet 5: 'SPUMST.SPU_SP_OP_BLC'
2018-05-16 15:03:23,597 [INFO ][main            ][                    ParseExcel] - Read user field type.
2018-05-16 15:03:23,598 [INFO ][main            ][                    ParseExcel] - Read column table name.
2018-05-16 15:03:23,607 [INFO ][main            ][                    ParseExcel] - The sheet 5 'SPUMST.SPU_SP_OP_BLC' is end!
2018-05-16 15:03:23,608 [INFO ][main            ][                    ParseExcel] - Read sheet 6: 'SPUMST.SPU_SP_OP'
2018-05-16 15:03:23,608 [INFO ][main            ][                    ParseExcel] - Read user field type.
2018-05-16 15:03:23,609 [INFO ][main            ][                    ParseExcel] - Read column table name.
2018-05-16 15:03:24,196 [INFO ][main            ][                    ParseExcel] - The sheet 6 'SPUMST.SPU_SP_OP' is end!
2018-05-16 15:03:24,198 [INFO ][main            ][                    ParseExcel] - Read sheet 7: 'SPUMST.SPU_SP_OP_ITEM'
2018-05-16 15:03:24,198 [INFO ][main            ][                    ParseExcel] - Read user field type.
2018-05-16 15:03:24,199 [INFO ][main            ][                    ParseExcel] - Read column table name.
2018-05-16 15:03:24,254 [INFO ][main            ][                    ParseExcel] - The sheet 7 'SPUMST.SPU_SP_OP_ITEM' is end!
2018-05-16 15:03:24,257 [INFO ][main            ][                    ParseExcel] - Read sheet 8: 'USPN.IN_DOC_LINKS_EX002'
2018-05-16 15:03:24,259 [INFO ][main            ][                    ParseExcel] - Read user field type.
2018-05-16 15:03:24,264 [INFO ][main            ][                    ParseExcel] - Read column table name.
2018-05-16 15:03:24,274 [INFO ][main            ][                    ParseExcel] - The sheet 8 'USPN.IN_DOC_LINKS_EX002' is end!
2018-05-16 15:03:29,621 [INFO ][main            ][                          Main] - Read excel file: D:\!Projects\!USPN\00-Report_of_control\04_insert_reports_control.xlsx
2018-05-16 15:03:29,625 [INFO ][main            ][                          Main] - Write inserts to file: D:\!Projects\!USPN\00-Report_of_control\04_insert_reports_control.sql
2018-05-16 15:03:31,541 [INFO ][main            ][                    ParseExcel] - Find 9 sheets in a book '04_insert_reports_control.xlsx'!
2018-05-16 15:03:31,542 [INFO ][main            ][                    ParseExcel] - Read sheet 0: 'SPUMST.SPU_ACC'
2018-05-16 15:03:31,542 [INFO ][main            ][                    ParseExcel] - Read user field type.
2018-05-16 15:03:31,550 [INFO ][main            ][                    ParseExcel] - Read column table name.
2018-05-16 15:03:31,685 [INFO ][main            ][                    ParseExcel] - The sheet 0 'SPUMST.SPU_ACC' is end!
2018-05-16 15:03:31,689 [INFO ][main            ][                    ParseExcel] - Read sheet 1: 'SPUMST.SPU_PRSN'
2018-05-16 15:03:31,690 [INFO ][main            ][                    ParseExcel] - Read user field type.
2018-05-16 15:03:31,692 [INFO ][main            ][                    ParseExcel] - Read column table name.
2018-05-16 15:03:31,709 [INFO ][main            ][                    ParseExcel] - The sheet 1 'SPUMST.SPU_PRSN' is end!
2018-05-16 15:03:31,711 [INFO ][main            ][                    ParseExcel] - Read sheet 2: 'SPUMST.SPU_PRSN_H'
2018-05-16 15:03:31,712 [INFO ][main            ][                    ParseExcel] - Read user field type.
2018-05-16 15:03:31,714 [INFO ][main            ][                    ParseExcel] - Read column table name.
2018-05-16 15:03:31,853 [INFO ][main            ][                    ParseExcel] - The sheet 2 'SPUMST.SPU_PRSN_H' is end!
2018-05-16 15:03:31,855 [INFO ][main            ][                    ParseExcel] - Read sheet 3: 'SPUMST.SPU_SP_ACC_SPA'
2018-05-16 15:03:31,870 [INFO ][main            ][                    ParseExcel] - Read user field type.
2018-05-16 15:03:31,871 [INFO ][main            ][                    ParseExcel] - Read column table name.
2018-05-16 15:03:31,894 [INFO ][main            ][                    ParseExcel] - The sheet 3 'SPUMST.SPU_SP_ACC_SPA' is end!
2018-05-16 15:03:31,895 [INFO ][main            ][                    ParseExcel] - Read sheet 4: 'SPUMST.SPU_SP_ACC_SPA_STS'
2018-05-16 15:03:31,896 [INFO ][main            ][                    ParseExcel] - Read user field type.
2018-05-16 15:03:31,896 [INFO ][main            ][                    ParseExcel] - Read column table name.
2018-05-16 15:03:31,903 [INFO ][main            ][                    ParseExcel] - The sheet 4 'SPUMST.SPU_SP_ACC_SPA_STS' is end!
2018-05-16 15:03:31,905 [INFO ][main            ][                    ParseExcel] - Read sheet 5: 'SPUMST.SPU_SP_OP_BLC'
2018-05-16 15:03:31,908 [INFO ][main            ][                    ParseExcel] - Read user field type.
2018-05-16 15:03:31,911 [INFO ][main            ][                    ParseExcel] - Read column table name.
2018-05-16 15:03:31,930 [INFO ][main            ][                    ParseExcel] - The sheet 5 'SPUMST.SPU_SP_OP_BLC' is end!
2018-05-16 15:03:31,932 [INFO ][main            ][                    ParseExcel] - Read sheet 6: 'SPUMST.SPU_SP_OP'
2018-05-16 15:03:31,932 [INFO ][main            ][                    ParseExcel] - Read user field type.
2018-05-16 15:03:31,947 [INFO ][main            ][                    ParseExcel] - Read column table name.
2018-05-16 15:03:31,983 [INFO ][main            ][                    ParseExcel] - The sheet 6 'SPUMST.SPU_SP_OP' is end!
2018-05-16 15:03:31,984 [INFO ][main            ][                    ParseExcel] - Read sheet 7: 'SPUMST.SPU_SP_OP_ITEM'
2018-05-16 15:03:31,985 [INFO ][main            ][                    ParseExcel] - Read user field type.
2018-05-16 15:03:31,985 [INFO ][main            ][                    ParseExcel] - Read column table name.
2018-05-16 15:03:31,995 [INFO ][main            ][                    ParseExcel] - The sheet 7 'SPUMST.SPU_SP_OP_ITEM' is end!
2018-05-16 15:03:31,996 [INFO ][main            ][                    ParseExcel] - Read sheet 8: 'USPN.IN_DOC_LINKS_EX002'
2018-05-16 15:03:31,997 [INFO ][main            ][                    ParseExcel] - Read user field type.
2018-05-16 15:03:31,997 [INFO ][main            ][                    ParseExcel] - Read column table name.
2018-05-16 15:03:32,003 [INFO ][main            ][                    ParseExcel] - The sheet 8 'USPN.IN_DOC_LINKS_EX002' is end!
2018-05-16 15:03:58,928 [INFO ][main            ][                          Main] - Read excel file: D:\!Projects\!USPN\00-Report_of_control\04_insert_reports_control.xlsx
2018-05-16 15:03:58,933 [INFO ][main            ][                          Main] - Write inserts to file: D:\!Projects\!USPN\00-Report_of_control\04_insert_reports_control.sql
2018-05-16 15:04:00,128 [INFO ][main            ][                    ParseExcel] - Find 9 sheets in a book '04_insert_reports_control.xlsx'!
2018-05-16 15:04:00,129 [INFO ][main            ][                    ParseExcel] - Read sheet 0: 'SPUMST.SPU_ACC'
2018-05-16 15:04:00,129 [INFO ][main            ][                    ParseExcel] - Read user field type.
2018-05-16 15:04:00,138 [INFO ][main            ][                    ParseExcel] - Read column table name.
2018-05-16 15:04:00,480 [INFO ][main            ][                    ParseExcel] - The sheet 0 'SPUMST.SPU_ACC' is end!
2018-05-16 15:04:00,483 [INFO ][main            ][                    ParseExcel] - Read sheet 1: 'SPUMST.SPU_PRSN'
2018-05-16 15:04:00,484 [INFO ][main            ][                    ParseExcel] - Read user field type.
2018-05-16 15:04:00,485 [INFO ][main            ][                    ParseExcel] - Read column table name.
2018-05-16 15:04:00,508 [INFO ][main            ][                    ParseExcel] - The sheet 1 'SPUMST.SPU_PRSN' is end!
2018-05-16 15:04:00,511 [INFO ][main            ][                    ParseExcel] - Read sheet 2: 'SPUMST.SPU_PRSN_H'
2018-05-16 15:04:00,511 [INFO ][main            ][                    ParseExcel] - Read user field type.
2018-05-16 15:04:00,513 [INFO ][main            ][                    ParseExcel] - Read column table name.
2018-05-16 15:04:00,691 [INFO ][main            ][                    ParseExcel] - The sheet 2 'SPUMST.SPU_PRSN_H' is end!
2018-05-16 15:04:00,693 [INFO ][main            ][                    ParseExcel] - Read sheet 3: 'SPUMST.SPU_SP_ACC_SPA'
2018-05-16 15:04:00,697 [INFO ][main            ][                    ParseExcel] - Read user field type.
2018-05-16 15:04:00,698 [INFO ][main            ][                    ParseExcel] - Read column table name.
2018-05-16 15:04:00,756 [INFO ][main            ][                    ParseExcel] - The sheet 3 'SPUMST.SPU_SP_ACC_SPA' is end!
2018-05-16 15:04:00,758 [INFO ][main            ][                    ParseExcel] - Read sheet 4: 'SPUMST.SPU_SP_ACC_SPA_STS'
2018-05-16 15:04:00,758 [INFO ][main            ][                    ParseExcel] - Read user field type.
2018-05-16 15:04:00,759 [INFO ][main            ][                    ParseExcel] - Read column table name.
2018-05-16 15:04:00,764 [INFO ][main            ][                    ParseExcel] - The sheet 4 'SPUMST.SPU_SP_ACC_SPA_STS' is end!
2018-05-16 15:04:00,769 [INFO ][main            ][                    ParseExcel] - Read sheet 5: 'SPUMST.SPU_SP_OP_BLC'
2018-05-16 15:04:00,770 [INFO ][main            ][                    ParseExcel] - Read user field type.
2018-05-16 15:04:00,770 [INFO ][main            ][                    ParseExcel] - Read column table name.
2018-05-16 15:04:00,778 [INFO ][main            ][                    ParseExcel] - The sheet 5 'SPUMST.SPU_SP_OP_BLC' is end!
2018-05-16 15:04:00,779 [INFO ][main            ][                    ParseExcel] - Read sheet 6: 'SPUMST.SPU_SP_OP'
2018-05-16 15:04:00,780 [INFO ][main            ][                    ParseExcel] - Read user field type.
2018-05-16 15:04:00,781 [INFO ][main            ][                    ParseExcel] - Read column table name.
2018-05-16 15:04:00,826 [INFO ][main            ][                    ParseExcel] - The sheet 6 'SPUMST.SPU_SP_OP' is end!
2018-05-16 15:04:00,828 [INFO ][main            ][                    ParseExcel] - Read sheet 7: 'SPUMST.SPU_SP_OP_ITEM'
2018-05-16 15:04:00,828 [INFO ][main            ][                    ParseExcel] - Read user field type.
2018-05-16 15:04:00,828 [INFO ][main            ][                    ParseExcel] - Read column table name.
2018-05-16 15:04:00,836 [INFO ][main            ][                    ParseExcel] - The sheet 7 'SPUMST.SPU_SP_OP_ITEM' is end!
2018-05-16 15:04:00,838 [INFO ][main            ][                    ParseExcel] - Read sheet 8: 'USPN.IN_DOC_LINKS_EX002'
2018-05-16 15:04:00,838 [INFO ][main            ][                    ParseExcel] - Read user field type.
2018-05-16 15:04:00,839 [INFO ][main            ][                    ParseExcel] - Read column table name.
2018-05-16 15:04:00,848 [INFO ][main            ][                    ParseExcel] - The sheet 8 'USPN.IN_DOC_LINKS_EX002' is end!
